"../../../Engine/Content/EditorResources/S_Actor.ubulk" 0
"../../../Engine/Content/EditorResources/S_Actor.uasset" 1
"../../../Engine/Content/EditorResources/S_Actor.uexp" 2
"../../../Engine/Content/EditorResources/S_BoxReflectionCapture.uasset" 3
"../../../Engine/Content/EditorResources/S_BoxReflectionCapture.uexp" 4
"../../../Engine/Content/EngineResources/DefaultTexture.ubulk" 5
"../../../Engine/Content/EngineResources/DefaultTexture.uasset" 6
"../../../Engine/Content/EngineResources/DefaultTexture.uexp" 7
"../../../Engine/Content/EngineResources/DefaultTextureCube.uasset" 8
"../../../Engine/Content/EngineResources/DefaultTextureCube.uexp" 9
"../../../Engine/Content/EngineResources/DefaultVolumeTexture2D.uasset" 10
"../../../Engine/Content/EngineResources/DefaultVolumeTexture2D.uexp" 11
"../../../Engine/Content/EngineResources/DefaultVolumeTexture.uasset" 12
"../../../Engine/Content/EngineResources/DefaultVolumeTexture.uexp" 13
"../../../Engine/Content/EditorResources/S_Trigger.ubulk" 14
"../../../Engine/Content/EditorResources/S_Trigger.uasset" 15
"../../../Engine/Content/EditorResources/S_Trigger.uexp" 16
"../../../Engine/Content/EditorResources/S_TriggerBox.uasset" 17
"../../../Engine/Content/EditorResources/S_TriggerBox.uexp" 18
"../../../Engine/Content/EditorResources/S_TriggerCapsule.uasset" 19
"../../../Engine/Content/EditorResources/S_TriggerCapsule.uexp" 20
"../../../Engine/Content/EditorResources/S_TriggerSphere.uasset" 21
"../../../Engine/Content/EditorResources/S_TriggerSphere.uexp" 22
"../../../Engine/Content/EngineMeshes/Sphere.uasset" 23
"../../../Engine/Content/EngineMeshes/Sphere.uexp" 24
"../../../Engine/Content/EngineResources/GradientTexture0.uasset" 25
"../../../Engine/Content/EngineResources/GradientTexture0.uexp" 26
"../../../Engine/Content/EngineResources/Black.uasset" 27
"../../../Engine/Content/EngineResources/Black.uexp" 28
"../../../Engine/Content/VREditor/LaserPointer/VR_LaserPower_01.ubulk" 29
"../../../Engine/Content/VREditor/LaserPointer/VR_LaserPower_01.uasset" 30
"../../../Engine/Content/VREditor/LaserPointer/VR_LaserPower_01.uexp" 31
"../../../Engine/Content/VREditor/TransformGizmo/TransformGizmoMaterial.uasset" 32
"../../../Engine/Content/VREditor/TransformGizmo/TransformGizmoMaterial.uexp" 33
"../../../Engine/Content/VREditor/TransformGizmo/TranslucentTransformGizmoMaterial.uasset" 34
"../../../Engine/Content/VREditor/TransformGizmo/TranslucentTransformGizmoMaterial.uexp" 35
"../../../Engine/Content/VREditor/TransformGizmo/PlaneTranslationHandle.uasset" 36
"../../../Engine/Content/VREditor/TransformGizmo/PlaneTranslationHandle.uexp" 37
"../../../Engine/Content/VREditor/TransformGizmo/BoundingBoxCorner.uasset" 38
"../../../Engine/Content/VREditor/TransformGizmo/BoundingBoxCorner.uexp" 39
"../../../Engine/Content/VREditor/TransformGizmo/BoundingBoxEdge.uasset" 40
"../../../Engine/Content/VREditor/TransformGizmo/BoundingBoxEdge.uexp" 41
"../../../Engine/Content/VREditor/TransformGizmo/Main.uasset" 42
"../../../Engine/Content/VREditor/TransformGizmo/Main.uexp" 43
"../../../Engine/Content/VREditor/TransformGizmo/Xray.uasset" 44
"../../../Engine/Content/VREditor/TransformGizmo/Xray.uexp" 45
"../../../Engine/Content/VREditor/TransformGizmo/SM_Sequencer_Node.uasset" 46
"../../../Engine/Content/VREditor/TransformGizmo/SM_Sequencer_Node.uexp" 47
"../../../Engine/Content/EditorMaterials/Camera/CineMat.uasset" 48
"../../../Engine/Content/EditorMaterials/Camera/CineMat.uexp" 49
"../../../Engine/Content/EditorMaterials/Camera/MI_CineMat_Rig.uasset" 50
"../../../Engine/Content/EditorMaterials/Camera/MI_CineMat_Rig.uexp" 51
"../../../Engine/Content/EditorMeshes/Camera/SM_CraneRig_Base.uasset" 52
"../../../Engine/Content/EditorMeshes/Camera/SM_CraneRig_Base.uexp" 53
"../../../Engine/Content/EditorMeshes/Camera/SM_CraneRig_Arm.uasset" 54
"../../../Engine/Content/EditorMeshes/Camera/SM_CraneRig_Arm.uexp" 55
"../../../Engine/Content/EditorMeshes/Camera/SM_CraneRig_Mount.uasset" 56
"../../../Engine/Content/EditorMeshes/Camera/SM_CraneRig_Mount.uexp" 57
"../../../Engine/Content/EditorMeshes/Camera/SM_CraneRig_Body.uasset" 58
"../../../Engine/Content/EditorMeshes/Camera/SM_CraneRig_Body.uexp" 59
"../../../Engine/Content/EditorMeshes/Camera/SM_RailRig_Track.uasset" 60
"../../../Engine/Content/EditorMeshes/Camera/SM_RailRig_Track.uexp" 61
"../../../Engine/Content/EditorMeshes/Camera/SM_RailRig_Mount.uasset" 62
"../../../Engine/Content/EditorMeshes/Camera/SM_RailRig_Mount.uexp" 63
"../../../Engine/Content/EngineMaterials/T_Default_Material_Grid_M.ubulk" 64
"../../../Engine/Content/EngineMaterials/T_Default_Material_Grid_M.uasset" 65
"../../../Engine/Content/EngineMaterials/T_Default_Material_Grid_M.uexp" 66
"../../../Engine/Content/EngineMaterials/T_Default_Material_Grid_N.ubulk" 67
"../../../Engine/Content/EngineMaterials/T_Default_Material_Grid_N.uasset" 68
"../../../Engine/Content/EngineMaterials/T_Default_Material_Grid_N.uexp" 69
"../../../Engine/Content/Functions/Engine_MaterialFunctions01/Opacity/CameraDepthFade.uasset" 70
"../../../Engine/Content/Functions/Engine_MaterialFunctions01/Opacity/CameraDepthFade.uexp" 71
"../../../Engine/Content/EngineMaterials/WorldGridMaterial.uasset" 72
"../../../Engine/Content/EngineMaterials/WorldGridMaterial.uexp" 73
"../../../Engine/Content/ArtTools/RenderToTexture/Meshes/S_1_Unit_Plane.uasset" 74
"../../../Engine/Content/ArtTools/RenderToTexture/Meshes/S_1_Unit_Plane.uexp" 75
"../../../Engine/Content/EditorMaterials/ParticleSystems/PSysThumbnail_NoImage.ubulk" 76
"../../../Engine/Content/EditorMaterials/ParticleSystems/PSysThumbnail_NoImage.uasset" 77
"../../../Engine/Content/EditorMaterials/ParticleSystems/PSysThumbnail_NoImage.uexp" 78
"../../../Engine/Content/EditorMaterials/ParticleSystems/PSysThumbnail_OOD.ubulk" 79
"../../../Engine/Content/EditorMaterials/ParticleSystems/PSysThumbnail_OOD.uasset" 80
"../../../Engine/Content/EditorMaterials/ParticleSystems/PSysThumbnail_OOD.uexp" 81
"../../../Engine/Content/EditorLandscapeResources/SplineEditorMeshMat.uasset" 82
"../../../Engine/Content/EditorLandscapeResources/SplineEditorMeshMat.uexp" 83
"../../../Engine/Content/EditorLandscapeResources/SplineEditorMesh.uasset" 84
"../../../Engine/Content/EditorLandscapeResources/SplineEditorMesh.uexp" 85
"../../../Engine/Content/EditorResources/S_Solver.ubulk" 86
"../../../Engine/Content/EditorResources/S_Solver.uasset" 87
"../../../Engine/Content/EditorResources/S_Solver.uexp" 88
"../../../Engine/Content/EngineMaterials/Good64x64TilingNoiseHighFreq.uasset" 89
"../../../Engine/Content/EngineMaterials/Good64x64TilingNoiseHighFreq.uexp" 90
"../../../Engine/Content/EngineMaterials/DefaultBokeh.uasset" 91
"../../../Engine/Content/EngineMaterials/DefaultBokeh.uexp" 92
"../../../Engine/Content/EngineMaterials/PreintegratedSkinBRDF.uasset" 93
"../../../Engine/Content/EngineMaterials/PreintegratedSkinBRDF.uexp" 94
"../../../Engine/Content/EngineMaterials/MiniFont.uasset" 95
"../../../Engine/Content/EngineMaterials/MiniFont.uexp" 96
"../../../Engine/Content/EngineMaterials/WeightMapPlaceholderTexture.uasset" 97
"../../../Engine/Content/EngineMaterials/WeightMapPlaceholderTexture.uexp" 98
"../../../Engine/Content/EngineMaterials/DefaultWhiteGrid.ubulk" 99
"../../../Engine/Content/EngineMaterials/DefaultWhiteGrid.uasset" 100
"../../../Engine/Content/EngineMaterials/DefaultWhiteGrid.uexp" 101
"D:/UEPROJECTS/AroundMe/Content/StarterContent/Audio/Starter_Wind06.ubulk" 102
"D:/UEPROJECTS/AroundMe/Content/StarterContent/Audio/Starter_Wind06.uasset" 103
"D:/UEPROJECTS/AroundMe/Content/StarterContent/Audio/Starter_Wind06.uexp" 104
"D:/UEPROJECTS/AroundMe/Content/StarterContent/Audio/Starter_Wind05.ubulk" 105
"D:/UEPROJECTS/AroundMe/Content/StarterContent/Audio/Starter_Wind05.uasset" 106
"D:/UEPROJECTS/AroundMe/Content/StarterContent/Audio/Starter_Wind05.uexp" 107
"D:/UEPROJECTS/AroundMe/Content/StarterContent/Audio/Starter_Birds01.ubulk" 108
"D:/UEPROJECTS/AroundMe/Content/StarterContent/Audio/Starter_Birds01.uasset" 109
"D:/UEPROJECTS/AroundMe/Content/StarterContent/Audio/Starter_Birds01.uexp" 110
"../../../Engine/Content/Animation/DefaultRecorderBoneCompression.uasset" 111
"../../../Engine/Content/Animation/DefaultRecorderBoneCompression.uexp" 112
"../../../Engine/Content/Animation/DefaultAnimCurveCompressionSettings.uasset" 113
"../../../Engine/Content/Animation/DefaultAnimCurveCompressionSettings.uexp" 114
"../../../Engine/Content/Animation/DefaultAnimBoneCompressionSettings.uasset" 115
"../../../Engine/Content/Animation/DefaultAnimBoneCompressionSettings.uexp" 116
"../../../Engine/Content/EngineMaterials/DefaultMaterial.uasset" 117
"../../../Engine/Content/EngineMaterials/DefaultMaterial.uexp" 118
"../../../Engine/Content/BasicShapes/Sphere.uasset" 119
"../../../Engine/Content/BasicShapes/Sphere.uexp" 120
"../../../Engine/Content/BasicShapes/Plane.uasset" 121
"../../../Engine/Content/BasicShapes/Plane.uexp" 122
"../../../Engine/Content/BasicShapes/Cylinder.uasset" 123
"../../../Engine/Content/BasicShapes/Cylinder.uexp" 124
"../../../Engine/Content/BasicShapes/Cube.uasset" 125
"../../../Engine/Content/BasicShapes/Cube.uexp" 126
"../../../Engine/Content/BasicShapes/Cone.uasset" 127
"../../../Engine/Content/BasicShapes/Cone.uexp" 128
"../../../Engine/Plugins/Interchange/Runtime/Content/Pipelines/DefaultSceneLevelPipeline.uasset" 129
"../../../Engine/Plugins/Interchange/Runtime/Content/Pipelines/DefaultSceneLevelPipeline.uexp" 130
"../../../Engine/Content/EditorLandscapeResources/DefaultAlphaTexture.uasset" 131
"../../../Engine/Content/EditorLandscapeResources/DefaultAlphaTexture.uexp" 132
"../../../Engine/Content/EditorLandscapeResources/DataLayer.uasset" 133
"../../../Engine/Content/EditorLandscapeResources/DataLayer.uexp" 134
"../../../Engine/Content/EditorMaterials/PreviewShadowIndicator.ubulk" 135
"../../../Engine/Content/EditorMaterials/PreviewShadowIndicator.uasset" 136
"../../../Engine/Content/EditorMaterials/PreviewShadowIndicator.uexp" 137
"../../../Engine/Content/EditorMaterials/PreviewShadowIndicatorMaterial.uasset" 138
"../../../Engine/Content/EditorMaterials/PreviewShadowIndicatorMaterial.uexp" 139
"../../../Engine/Content/EditorMaterials/PhAT_UnselectedMaterial.uasset" 140
"../../../Engine/Content/EditorMaterials/PhAT_UnselectedMaterial.uexp" 141
"../../../Engine/Content/EditorMaterials/PhAT_NoCollisionMaterial.uasset" 142
"../../../Engine/Content/EditorMaterials/PhAT_NoCollisionMaterial.uexp" 143
"../../../Engine/Plugins/Interchange/Runtime/Content/Pipelines/DefaultSceneAssetsPipeline.uasset" 144
"../../../Engine/Plugins/Interchange/Runtime/Content/Pipelines/DefaultSceneAssetsPipeline.uexp" 145
"../../../Engine/Plugins/Interchange/Runtime/Content/Pipelines/DefaultMaterialPipeline.uasset" 146
"../../../Engine/Plugins/Interchange/Runtime/Content/Pipelines/DefaultMaterialPipeline.uexp" 147
"../../../Engine/Content/Functions/Engine_MaterialFunctions02/Utility/MakeFloat4.uasset" 148
"../../../Engine/Content/Functions/Engine_MaterialFunctions02/Utility/MakeFloat4.uexp" 149
"../../../Engine/Content/Functions/Engine_MaterialFunctions02/Utility/MakeFloat3.uasset" 150
"../../../Engine/Content/Functions/Engine_MaterialFunctions02/Utility/MakeFloat3.uexp" 151
"../../../Engine/Content/Functions/Engine_MaterialFunctions02/Utility/BreakOutFloat3Components.uasset" 152
"../../../Engine/Content/Functions/Engine_MaterialFunctions02/Utility/BreakOutFloat3Components.uexp" 153
"../../../Engine/Content/EditorMaterials/WorldPartition/WorldPartitionSpatialHashGridPreviewMaterial.uasset" 154
"../../../Engine/Content/EditorMaterials/WorldPartition/WorldPartitionSpatialHashGridPreviewMaterial.uexp" 155
"../../../Engine/Plugins/Interchange/Runtime/Content/Pipelines/DefaultAssetsPipeline.uasset" 156
"../../../Engine/Plugins/Interchange/Runtime/Content/Pipelines/DefaultAssetsPipeline.uexp" 157
"../../../Engine/Content/EditorResources/S_Terrain.ubulk" 158
"../../../Engine/Content/EditorResources/S_Terrain.uasset" 159
"../../../Engine/Content/EditorResources/S_Terrain.uexp" 160
"../../../Engine/Plugins/Interchange/Runtime/Content/Pipelines/DefaultTexturePipeline.uasset" 161
"../../../Engine/Plugins/Interchange/Runtime/Content/Pipelines/DefaultTexturePipeline.uexp" 162
"../../../Engine/Content/EditorResources/EmptyActor.uasset" 163
"../../../Engine/Content/EditorResources/EmptyActor.uexp" 164
"../../../Engine/Content/EditorResources/BSPVertex.uasset" 165
"../../../Engine/Content/EditorResources/BSPVertex.uexp" 166
"../../../Engine/Content/EditorResources/AudioIcons/S_AudioComponent_AutoActivate.uasset" 167
"../../../Engine/Content/EditorResources/AudioIcons/S_AudioComponent_AutoActivate.uexp" 168
"../../../Engine/Content/EditorResources/LightIcons/S_LightError.uasset" 169
"../../../Engine/Content/EditorResources/LightIcons/S_LightError.uexp" 170
"../../../Engine/Content/EditorResources/SequenceRecorder/RecordingIndicator.uasset" 171
"../../../Engine/Content/EditorResources/SequenceRecorder/RecordingIndicator.uexp" 172
"../../../Engine/Content/EditorResources/SequenceRecorder/Countdown.uasset" 173
"../../../Engine/Content/EditorResources/SequenceRecorder/Countdown.uexp" 174
"../../../Engine/Content/EngineDamageTypes/DmgTypeBP_Environmental.uasset" 175
"../../../Engine/Content/EngineDamageTypes/DmgTypeBP_Environmental.uexp" 176
"../../../Engine/Plugins/Interchange/Runtime/Content/Materials/MapOrLinearColorFunction.uasset" 177
"../../../Engine/Plugins/Interchange/Runtime/Content/Materials/MapOrLinearColorFunction.uexp" 178
"../../../Engine/Content/EngineMaterials/DefaultNormal.ubulk" 179
"../../../Engine/Content/EngineMaterials/DefaultNormal.uasset" 180
"../../../Engine/Content/EngineMaterials/DefaultNormal.uexp" 181
"../../../Engine/Plugins/Interchange/Runtime/Content/Materials/MapOrScalarFunction.uasset" 182
"../../../Engine/Plugins/Interchange/Runtime/Content/Materials/MapOrScalarFunction.uexp" 183
"../../../Engine/Plugins/Interchange/Runtime/Content/Materials/MapOrColorFunction.uasset" 184
"../../../Engine/Plugins/Interchange/Runtime/Content/Materials/MapOrColorFunction.uexp" 185
"../../../Engine/Content/EngineMaterials/BaseFlattenLinearColor.uasset" 186
"../../../Engine/Content/EngineMaterials/BaseFlattenLinearColor.uexp" 187
"../../../Engine/Plugins/Interchange/Runtime/Content/Materials/CommonMaterial.uasset" 188
"../../../Engine/Plugins/Interchange/Runtime/Content/Materials/CommonMaterial.uexp" 189
"../../../Engine/Plugins/Interchange/Runtime/Content/Materials/PBRSurfaceFunction.uasset" 190
"../../../Engine/Plugins/Interchange/Runtime/Content/Materials/PBRSurfaceFunction.uexp" 191
"../../../Engine/Plugins/Interchange/Runtime/Content/Materials/ClearCoatMaterial.uasset" 192
"../../../Engine/Plugins/Interchange/Runtime/Content/Materials/ClearCoatMaterial.uexp" 193
"../../../Engine/Content/Functions/Engine_MaterialFunctions02/Utility/CameraDirectionVector.uasset" 194
"../../../Engine/Content/Functions/Engine_MaterialFunctions02/Utility/CameraDirectionVector.uexp" 195
"../../../Engine/Content/EngineDebugMaterials/VolumeToRender.uasset" 196
"../../../Engine/Content/EngineDebugMaterials/VolumeToRender.uexp" 197
"../../../Engine/Content/EngineDebugMaterials/M_VolumeRenderSphereTracePP.uasset" 198
"../../../Engine/Content/EngineDebugMaterials/M_VolumeRenderSphereTracePP.uexp" 199
"../../../Engine/Content/EngineDebugMaterials/M_SimpleUnlitTranslucent.uasset" 200
"../../../Engine/Content/EngineDebugMaterials/M_SimpleUnlitTranslucent.uexp" 201
"../../../Engine/Content/EngineDebugMaterials/DebugMeshMaterial.uasset" 202
"../../../Engine/Content/EngineDebugMaterials/DebugMeshMaterial.uexp" 203
"../../../Engine/Content/EngineDebugMaterials/DebugEditorMaterial.uasset" 204
"../../../Engine/Content/EngineDebugMaterials/DebugEditorMaterial.uexp" 205
"../../../Engine/Content/EngineFonts/Faces/RobotoLight.uexp" 206
"../../../Engine/Content/EngineFonts/Faces/RobotoLight.uasset" 207
"../../../Engine/Content/EngineFonts/Faces/RobotoLight.ufont" 208
"../../../Engine/Content/EngineFonts/Faces/RobotoBold.uexp" 209
"../../../Engine/Content/EngineFonts/Faces/RobotoBold.uasset" 210
"../../../Engine/Content/EngineFonts/Faces/RobotoBold.ufont" 211
"../../../Engine/Content/EngineFonts/Faces/RobotoRegular.uexp" 212
"../../../Engine/Content/EngineFonts/Faces/RobotoRegular.uasset" 213
"../../../Engine/Content/EngineFonts/Faces/RobotoRegular.ufont" 214
"../../../Engine/Content/EngineFonts/Faces/DroidSansFallback.uexp" 215
"../../../Engine/Content/EngineFonts/Faces/DroidSansFallback.uasset" 216
"../../../Engine/Content/EngineFonts/Faces/DroidSansFallback.ufont" 217
"../../../Engine/Content/EngineFonts/Faces/RobotoItalic.uexp" 218
"../../../Engine/Content/EngineFonts/Faces/RobotoItalic.uasset" 219
"../../../Engine/Content/EngineFonts/Faces/RobotoItalic.ufont" 220
"../../../Engine/Content/EngineFonts/Faces/RobotoBoldItalic.uexp" 221
"../../../Engine/Content/EngineFonts/Faces/RobotoBoldItalic.uasset" 222
"../../../Engine/Content/EngineFonts/Faces/RobotoBoldItalic.ufont" 223
"../../../Engine/Content/EngineFonts/Roboto.uasset" 224
"../../../Engine/Content/EngineFonts/Roboto.uexp" 225
"../../../Engine/Content/EngineResources/WhiteSquareTexture.uasset" 226
"../../../Engine/Content/EngineResources/WhiteSquareTexture.uexp" 227
"../../../Engine/Content/EngineMaterials/Widget3DPassThrough.uasset" 228
"../../../Engine/Content/EngineMaterials/Widget3DPassThrough.uexp" 229
"../../../Engine/Content/EngineMaterials/Widget3DPassThrough_Translucent.uasset" 230
"../../../Engine/Content/EngineMaterials/Widget3DPassThrough_Translucent.uexp" 231
"../../../Engine/Content/EngineMaterials/Widget3DPassThrough_Translucent_OneSided.uasset" 232
"../../../Engine/Content/EngineMaterials/Widget3DPassThrough_Translucent_OneSided.uexp" 233
"../../../Engine/Content/EngineMaterials/Widget3DPassThrough_Opaque.uasset" 234
"../../../Engine/Content/EngineMaterials/Widget3DPassThrough_Opaque.uexp" 235
"../../../Engine/Content/EngineMaterials/Widget3DPassThrough_Opaque_OneSided.uasset" 236
"../../../Engine/Content/EngineMaterials/Widget3DPassThrough_Opaque_OneSided.uexp" 237
"../../../Engine/Content/EngineMaterials/Widget3DPassThrough_Masked_OneSided.uasset" 238
"../../../Engine/Content/EngineMaterials/Widget3DPassThrough_Masked_OneSided.uexp" 239
"../../../Engine/Content/EngineMaterials/Widget3DPassThrough_Masked.uasset" 240
"../../../Engine/Content/EngineMaterials/Widget3DPassThrough_Masked.uexp" 241
"../../../Engine/Plugins/Interchange/Runtime/Content/gltf/MaterialFunctions/MF_RotateV2.uasset" 242
"../../../Engine/Plugins/Interchange/Runtime/Content/gltf/MaterialFunctions/MF_RotateV2.uexp" 243
"../../../Engine/Plugins/Interchange/Runtime/Content/gltf/MaterialFunctions/MF_TransformUVs.uasset" 244
"../../../Engine/Plugins/Interchange/Runtime/Content/gltf/MaterialFunctions/MF_TransformUVs.uexp" 245
"../../../Engine/Plugins/Interchange/Runtime/Content/gltf/Textures/T_White_srgb.uasset" 246
"../../../Engine/Plugins/Interchange/Runtime/Content/gltf/Textures/T_White_srgb.uexp" 247
"../../../Engine/Plugins/Interchange/Runtime/Content/gltf/MaterialFunctions/MF_BaseColor.uasset" 248
"../../../Engine/Plugins/Interchange/Runtime/Content/gltf/MaterialFunctions/MF_BaseColor.uexp" 249
"../../../Engine/Plugins/Interchange/Runtime/Content/gltf/MaterialFunctions/MF_DiffuseSpecGloss.uasset" 250
"../../../Engine/Plugins/Interchange/Runtime/Content/gltf/MaterialFunctions/MF_DiffuseSpecGloss.uexp" 251
"../../../Engine/Plugins/Interchange/Runtime/Content/gltf/Textures/T_White_Linear.uasset" 252
"../../../Engine/Plugins/Interchange/Runtime/Content/gltf/Textures/T_White_Linear.uexp" 253
"../../../Engine/Plugins/Interchange/Runtime/Content/gltf/MaterialFunctions/MF_MetallicRoughness.uasset" 254
"../../../Engine/Plugins/Interchange/Runtime/Content/gltf/MaterialFunctions/MF_MetallicRoughness.uexp" 255
"../../../Engine/Plugins/Interchange/Runtime/Content/gltf/MaterialFunctions/MF_Occlusion.uasset" 256
"../../../Engine/Plugins/Interchange/Runtime/Content/gltf/MaterialFunctions/MF_Occlusion.uexp" 257
"../../../Engine/Plugins/Interchange/Runtime/Content/gltf/MaterialFunctions/MF_Emissive.uasset" 258
"../../../Engine/Plugins/Interchange/Runtime/Content/gltf/MaterialFunctions/MF_Emissive.uexp" 259
"../../../Engine/Plugins/Interchange/Runtime/Content/gltf/MaterialFunctions/MF_Specular.uasset" 260
"../../../Engine/Plugins/Interchange/Runtime/Content/gltf/MaterialFunctions/MF_Specular.uexp" 261
"../../../Engine/Plugins/Interchange/Runtime/Content/gltf/MaterialFunctions/MF_Sheen.uasset" 262
"../../../Engine/Plugins/Interchange/Runtime/Content/gltf/MaterialFunctions/MF_Sheen.uexp" 263
"../../../Engine/Plugins/Interchange/Runtime/Content/gltf/MaterialFunctions/MF_IOR.uasset" 264
"../../../Engine/Plugins/Interchange/Runtime/Content/gltf/MaterialFunctions/MF_IOR.uexp" 265
"../../../Engine/Content/Functions/Engine_MaterialFunctions01/Shading/FuzzyShading.uasset" 266
"../../../Engine/Content/Functions/Engine_MaterialFunctions01/Shading/FuzzyShading.uexp" 267
"../../../Engine/Content/Functions/Engine_MaterialFunctions01/Texturing/FlattenNormal.uasset" 268
"../../../Engine/Content/Functions/Engine_MaterialFunctions01/Texturing/FlattenNormal.uexp" 269
"../../../Engine/Content/Functions/Engine_MaterialFunctions02/Math/Transform3x3Matrix.uasset" 270
"../../../Engine/Content/Functions/Engine_MaterialFunctions02/Math/Transform3x3Matrix.uexp" 271
"../../../Engine/Plugins/Interchange/Runtime/Content/gltf/MaterialFunctions/MF_RotateNormals_TS.uasset" 272
"../../../Engine/Plugins/Interchange/Runtime/Content/gltf/MaterialFunctions/MF_RotateNormals_TS.uexp" 273
"../../../Engine/Plugins/Interchange/Runtime/Content/gltf/Textures/T_Generic_N.uasset" 274
"../../../Engine/Plugins/Interchange/Runtime/Content/gltf/Textures/T_Generic_N.uexp" 275
"../../../Engine/Plugins/Interchange/Runtime/Content/gltf/MaterialFunctions/MF_Normals.uasset" 276
"../../../Engine/Plugins/Interchange/Runtime/Content/gltf/MaterialFunctions/MF_Normals.uexp" 277
"../../../Engine/Content/Functions/Engine_MaterialFunctions02/Math/AddComponents.uasset" 278
"../../../Engine/Content/Functions/Engine_MaterialFunctions02/Math/AddComponents.uexp" 279
"../../../Engine/Plugins/Interchange/Runtime/Content/gltf/MaterialFunctions/MF_PerceivedBrightness.uasset" 280
"../../../Engine/Plugins/Interchange/Runtime/Content/gltf/MaterialFunctions/MF_PerceivedBrightness.uexp" 281
"../../../Engine/Plugins/Interchange/Runtime/Content/gltf/MaterialFunctions/MF_SpecGlossToMetalRoughness.uasset" 282
"../../../Engine/Plugins/Interchange/Runtime/Content/gltf/MaterialFunctions/MF_SpecGlossToMetalRoughness.uexp" 283
"../../../Engine/Plugins/Interchange/Runtime/Content/gltf/M_Sheen.uasset" 284
"../../../Engine/Plugins/Interchange/Runtime/Content/gltf/M_Sheen.uexp" 285
"../../../Engine/Plugins/Interchange/Runtime/Content/gltf/MaterialInstances_SG/MI_Opaque_Sheen.uasset" 286
"../../../Engine/Plugins/Interchange/Runtime/Content/gltf/MaterialInstances_SG/MI_Opaque_Sheen.uexp" 287
"../../../Engine/Content/EngineMaterials/STBlueNoise_vec2_128x128x64.uasset" 288
"../../../Engine/Content/EngineMaterials/STBlueNoise_vec2_128x128x64.uexp" 289
"../../../Engine/Content/EngineMaterials/STBlueNoise_scalar_128x128x64.uasset" 290
"../../../Engine/Content/EngineMaterials/STBlueNoise_scalar_128x128x64.uexp" 291
"../../../Engine/Content/EngineMaterials/RemoveSurfaceMaterial.uasset" 292
"../../../Engine/Content/EngineMaterials/RemoveSurfaceMaterial.uexp" 293
"../../../Engine/Plugins/Interchange/Runtime/Content/gltf/MaterialFunctions/MF_Clearcoat.uasset" 294
"../../../Engine/Plugins/Interchange/Runtime/Content/gltf/MaterialFunctions/MF_Clearcoat.uexp" 295
"../../../Engine/Plugins/Interchange/Runtime/Content/gltf/M_Opaque.uasset" 296
"../../../Engine/Plugins/Interchange/Runtime/Content/gltf/M_Opaque.uexp" 297
"../../../Engine/Plugins/Interchange/Runtime/Content/gltf/MaterialInstances_SG/MI_Opaque_ClearCoat.uasset" 298
"../../../Engine/Plugins/Interchange/Runtime/Content/gltf/MaterialInstances_SG/MI_Opaque_ClearCoat.uexp" 299
"../../../Engine/Content/EngineMaterials/DefaultCalibrationGrayscale.uasset" 300
"../../../Engine/Content/EngineMaterials/DefaultCalibrationGrayscale.uexp" 301
"../../../Engine/Content/EngineMaterials/PPM_DefaultCalibrationGrayscale.uasset" 302
"../../../Engine/Content/EngineMaterials/PPM_DefaultCalibrationGrayscale.uexp" 303
"../../../Engine/Content/EngineMaterials/DefaultCalibrationColor.uasset" 304
"../../../Engine/Content/EngineMaterials/DefaultCalibrationColor.uexp" 305
"../../../Engine/Content/EngineMaterials/PPM_DefaultCalibrationColor.uasset" 306
"../../../Engine/Content/EngineMaterials/PPM_DefaultCalibrationColor.uexp" 307
"../../../Engine/Content/Functions/Engine_MaterialFunctions02/WorldPositionOffset/CameraOffset.uasset" 308
"../../../Engine/Content/Functions/Engine_MaterialFunctions02/WorldPositionOffset/CameraOffset.uexp" 309
"../../../Engine/Content/EngineMaterials/PhAT_JointLimitMaterial.uasset" 310
"../../../Engine/Content/EngineMaterials/PhAT_JointLimitMaterial.uexp" 311
"../../../Engine/Content/EngineMaterials/InvalidLightmapSettings.ubulk" 312
"../../../Engine/Content/EngineMaterials/InvalidLightmapSettings.uasset" 313
"../../../Engine/Content/EngineMaterials/InvalidLightmapSettings.uexp" 314
"../../../Engine/Content/EngineMaterials/M_InvalidLightmapSettings.uasset" 315
"../../../Engine/Content/EngineMaterials/M_InvalidLightmapSettings.uexp" 316
"../../../Engine/Plugins/Interchange/Runtime/Content/gltf/MaterialInstances_SG/MI_Opaque_ClearCoat_TS.uasset" 317
"../../../Engine/Plugins/Interchange/Runtime/Content/gltf/MaterialInstances_SG/MI_Opaque_ClearCoat_TS.uexp" 318
"../../../Engine/Content/EngineMaterials/GizmoMaterial.uasset" 319
"../../../Engine/Content/EngineMaterials/GizmoMaterial.uexp" 320
"../../../Engine/Content/EngineMaterials/BaseFlattenEmissiveMap_VT.uasset" 321
"../../../Engine/Content/EngineMaterials/BaseFlattenEmissiveMap_VT.uexp" 322
"../../../Engine/Content/EngineMaterials/BaseFlattenGrayscaleMap_VT.uasset" 323
"../../../Engine/Content/EngineMaterials/BaseFlattenGrayscaleMap_VT.uexp" 324
"../../../Engine/Content/EngineMaterials/BaseFlattenLinearColor_VT.uasset" 325
"../../../Engine/Content/EngineMaterials/BaseFlattenLinearColor_VT.uexp" 326
"../../../Engine/Content/EngineMaterials/Black_1x1_EXR_Texture_VT.uasset" 327
"../../../Engine/Content/EngineMaterials/Black_1x1_EXR_Texture_VT.uexp" 328
"../../../Engine/Content/EngineMaterials/BaseFlattenDiffuseMap_VT.uasset" 329
"../../../Engine/Content/EngineMaterials/BaseFlattenDiffuseMap_VT.uexp" 330
"../../../Engine/Content/EngineMaterials/BaseFlattenNormalMap_VT.uasset" 331
"../../../Engine/Content/EngineMaterials/BaseFlattenNormalMap_VT.uexp" 332
"../../../Engine/Content/EngineMaterials/FlattenMaterial_WS_Normal_VT.uasset" 333
"../../../Engine/Content/EngineMaterials/FlattenMaterial_WS_Normal_VT.uexp" 334
"../../../Engine/Content/EngineMaterials/FlattenMaterial_VT.uasset" 335
"../../../Engine/Content/EngineMaterials/FlattenMaterial_VT.uexp" 336
"../../../Engine/Content/EngineMaterials/BaseFlattenNormalMap.uasset" 337
"../../../Engine/Content/EngineMaterials/BaseFlattenNormalMap.uexp" 338
"../../../Engine/Content/EngineMaterials/BaseFlattenGrayscaleMap.uasset" 339
"../../../Engine/Content/EngineMaterials/BaseFlattenGrayscaleMap.uexp" 340
"../../../Engine/Content/EngineMaterials/BaseFlattenDiffuseMap.uasset" 341
"../../../Engine/Content/EngineMaterials/BaseFlattenDiffuseMap.uexp" 342
"../../../Engine/Content/Functions/Engine_MaterialFunctions02/PivotPainter2/Black_1x1_EXR_Texture.uasset" 343
"../../../Engine/Content/Functions/Engine_MaterialFunctions02/PivotPainter2/Black_1x1_EXR_Texture.uexp" 344
"../../../Engine/Content/EngineMaterials/BaseFlattenEmissiveMap.uasset" 345
"../../../Engine/Content/EngineMaterials/BaseFlattenEmissiveMap.uexp" 346
"../../../Engine/Content/EngineMaterials/FlattenMaterial.uasset" 347
"../../../Engine/Content/EngineMaterials/FlattenMaterial.uexp" 348
"../../../Engine/Content/EngineMaterials/DefaultWhiteGrid_Low.uasset" 349
"../../../Engine/Content/EngineMaterials/DefaultWhiteGrid_Low.uexp" 350
"../../../Engine/Content/EngineMaterials/EmissiveMeshMaterial.uasset" 351
"../../../Engine/Content/EngineMaterials/EmissiveMeshMaterial.uexp" 352
"../../../Engine/Plugins/Interchange/Runtime/Content/gltf/MaterialInstances_SG/MI_Opaque_Sheen_TS.uasset" 353
"../../../Engine/Plugins/Interchange/Runtime/Content/gltf/MaterialInstances_SG/MI_Opaque_Sheen_TS.uexp" 354
"../../../Engine/Content/EngineFonts/RobotoDistanceField.uasset" 355
"../../../Engine/Content/EngineFonts/RobotoDistanceField.uexp" 356
"../../../Engine/Content/EngineMaterials/DefaultTextMaterialOpaque.uasset" 357
"../../../Engine/Content/EngineMaterials/DefaultTextMaterialOpaque.uexp" 358
"../../../Engine/Content/EngineMaterials/DefaultDiffuse.ubulk" 359
"../../../Engine/Content/EngineMaterials/DefaultDiffuse.uasset" 360
"../../../Engine/Content/EngineMaterials/DefaultDiffuse.uexp" 361
"../../../Engine/Content/Functions/Engine_MaterialFunctions02/Utility/BreakOutFloat2Components.uasset" 362
"../../../Engine/Content/Functions/Engine_MaterialFunctions02/Utility/BreakOutFloat2Components.uexp" 363
"../../../Engine/Content/EngineMaterials/DefaultPostProcessMaterial.uasset" 364
"../../../Engine/Content/EngineMaterials/DefaultPostProcessMaterial.uexp" 365
"../../../Engine/Content/EngineMaterials/DefaultPhysicalMaterial.uasset" 366
"../../../Engine/Content/EngineMaterials/DefaultPhysicalMaterial.uexp" 367
"../../../Engine/Content/EngineMaterials/DefaultLightFunctionMaterial.uasset" 368
"../../../Engine/Content/EngineMaterials/DefaultLightFunctionMaterial.uexp" 369
"../../../Engine/Content/EngineMaterials/DefaultDestructiblePhysicalMaterial.uasset" 370
"../../../Engine/Content/EngineMaterials/DefaultDestructiblePhysicalMaterial.uexp" 371
"../../../Engine/Content/EngineMaterials/DefaultDeferredDecalMaterial.uasset" 372
"../../../Engine/Content/EngineMaterials/DefaultDeferredDecalMaterial.uexp" 373
"../../../Engine/Plugins/Interchange/Runtime/Content/gltf/MaterialInstances_SG/MI_Opaque.uasset" 374
"../../../Engine/Plugins/Interchange/Runtime/Content/gltf/MaterialInstances_SG/MI_Opaque.uexp" 375
"../../../Engine/Content/EngineMaterials/DefaultBloomKernel.uasset" 376
"../../../Engine/Content/EngineMaterials/DefaultBloomKernel.uexp" 377
"../../../Engine/Plugins/Interchange/Runtime/Content/gltf/Textures/T_Gray_Linear.uasset" 378
"../../../Engine/Plugins/Interchange/Runtime/Content/gltf/Textures/T_Gray_Linear.uexp" 379
"../../../Engine/Plugins/Interchange/Runtime/Content/Materials/SheenMaterial.uasset" 380
"../../../Engine/Plugins/Interchange/Runtime/Content/Materials/SheenMaterial.uexp" 381
"../../../Engine/Content/Functions/Engine_MaterialFunctions01/Shading/ConvertFromDiffSpec.uasset" 382
"../../../Engine/Content/Functions/Engine_MaterialFunctions01/Shading/ConvertFromDiffSpec.uexp" 383
"../../../Engine/Plugins/Interchange/Runtime/Content/Materials/PhongSurfaceMaterial.uasset" 384
"../../../Engine/Plugins/Interchange/Runtime/Content/Materials/PhongSurfaceMaterial.uexp" 385
"../../../Engine/Plugins/Interchange/Runtime/Content/gltf/Textures/T_Black_srgb.uasset" 386
"../../../Engine/Plugins/Interchange/Runtime/Content/gltf/Textures/T_Black_srgb.uexp" 387
"../../../Engine/Plugins/Interchange/Runtime/Content/Materials/PBRSurfaceMaterial.uasset" 388
"../../../Engine/Plugins/Interchange/Runtime/Content/Materials/PBRSurfaceMaterial.uexp" 389
"../../../Engine/Plugins/Interchange/Runtime/Content/Materials/UnlitMaterial.uasset" 390
"../../../Engine/Plugins/Interchange/Runtime/Content/Materials/UnlitMaterial.uexp" 391
"../../../Engine/Plugins/Interchange/Runtime/Content/Materials/ThinTranslucentMaterial.uasset" 392
"../../../Engine/Plugins/Interchange/Runtime/Content/Materials/ThinTranslucentMaterial.uexp" 393
"../../../Engine/Content/EngineMaterials/FlatNormal.uasset" 394
"../../../Engine/Content/EngineMaterials/FlatNormal.uexp" 395
"../../../Engine/Plugins/Interchange/Runtime/Content/Functions/MF_OrenNayerView.uasset" 396
"../../../Engine/Plugins/Interchange/Runtime/Content/Functions/MF_OrenNayerView.uexp" 397
"../../../Engine/Content/EditorLandscapeResources/WhiteSquareTexture.uasset" 398
"../../../Engine/Content/EditorLandscapeResources/WhiteSquareTexture.uexp" 399
"../../../Engine/Plugins/Interchange/Runtime/Content/Functions/MF_SchlickApprox.uasset" 400
"../../../Engine/Plugins/Interchange/Runtime/Content/Functions/MF_SchlickApprox.uexp" 401
"../../../Engine/Plugins/Interchange/Runtime/Content/Utilities/New_LUT.uasset" 402
"../../../Engine/Plugins/Interchange/Runtime/Content/Utilities/New_LUT.uexp" 403
"../../../Engine/Content/Functions/Engine_MaterialFunctions03/Math/RemapValueRange.uasset" 404
"../../../Engine/Content/Functions/Engine_MaterialFunctions03/Math/RemapValueRange.uexp" 405
"../../../Engine/Plugins/Interchange/Runtime/Content/Functions/MF_Iridescence.uasset" 406
"../../../Engine/Plugins/Interchange/Runtime/Content/Functions/MF_Iridescence.uexp" 407
"../../../Engine/Plugins/Interchange/Runtime/Content/Materials/OrenNayerMaterial.uasset" 408
"../../../Engine/Plugins/Interchange/Runtime/Content/Materials/OrenNayerMaterial.uexp" 409
"../../../Engine/Content/EngineResources/FilmGrains/Marcie_Grain_v3_128_M2_000.uasset" 410
"../../../Engine/Content/EngineResources/FilmGrains/Marcie_Grain_v3_128_M2_000.uexp" 411
"../../../Engine/Content/EngineSky/VolumetricClouds/CloudWeatherTexture.uasset" 412
"../../../Engine/Content/EngineSky/VolumetricClouds/CloudWeatherTexture.uexp" 413
"../../../Engine/Content/Functions/Engine_MaterialFunctions02/Utility/MakeFloat2.uasset" 414
"../../../Engine/Content/Functions/Engine_MaterialFunctions02/Utility/MakeFloat2.uexp" 415
"../../../Engine/Content/EngineSky/VolumetricClouds/CloudGradientTexture.uasset" 416
"../../../Engine/Content/EngineSky/VolumetricClouds/CloudGradientTexture.uexp" 417
"../../../Engine/Content/EngineSky/VolumetricClouds/T_NoiseShape64.ubulk" 418
"../../../Engine/Content/EngineSky/VolumetricClouds/T_NoiseShape64.uasset" 419
"../../../Engine/Content/EngineSky/VolumetricClouds/T_NoiseShape64.uexp" 420
"../../../Engine/Content/EngineSky/VolumetricClouds/T_VolumeNoiseShape64.uasset" 421
"../../../Engine/Content/EngineSky/VolumetricClouds/T_VolumeNoiseShape64.uexp" 422
"../../../Engine/Content/EngineSky/VolumetricClouds/T_NoiseErosion.ubulk" 423
"../../../Engine/Content/EngineSky/VolumetricClouds/T_NoiseErosion.uasset" 424
"../../../Engine/Content/EngineSky/VolumetricClouds/T_NoiseErosion.uexp" 425
"../../../Engine/Content/EngineSky/VolumetricClouds/T_VolumeNoiseErosion32.uasset" 426
"../../../Engine/Content/EngineSky/VolumetricClouds/T_VolumeNoiseErosion32.uexp" 427
"../../../Engine/Content/EngineSky/VolumetricClouds/m_SimpleVolumetricCloud.uasset" 428
"../../../Engine/Content/EngineSky/VolumetricClouds/m_SimpleVolumetricCloud.uexp" 429
"../../../Engine/Content/EngineSky/VolumetricClouds/m_SimpleVolumetricCloud_Inst.uasset" 430
"../../../Engine/Content/EngineSky/VolumetricClouds/m_SimpleVolumetricCloud_Inst.uexp" 431
"../../../Engine/Content/EngineSounds/Master.uasset" 432
"../../../Engine/Content/EngineSounds/Master.uexp" 433
"../../../Engine/Content/Functions/Engine_MaterialFunctions01/Shading/PowerToRoughness.uasset" 434
"../../../Engine/Content/Functions/Engine_MaterialFunctions01/Shading/PowerToRoughness.uexp" 435
"../../../Engine/Plugins/Interchange/Runtime/Content/Materials/SubsurfaceMaterial.uasset" 436
"../../../Engine/Plugins/Interchange/Runtime/Content/Materials/SubsurfaceMaterial.uexp" 437
"../../../Engine/Content/MobileResources/HUD/VirtualJoystick_Background.uasset" 438
"../../../Engine/Content/MobileResources/HUD/VirtualJoystick_Background.uexp" 439
"../../../Engine/Content/MobileResources/HUD/VirtualJoystick_Thumb.uasset" 440
"../../../Engine/Content/MobileResources/HUD/VirtualJoystick_Thumb.uexp" 441
"../../../Engine/Content/MobileResources/HUD/DefaultVirtualJoysticks.uasset" 442
"../../../Engine/Content/MobileResources/HUD/DefaultVirtualJoysticks.uexp" 443
"../../../Engine/Plugins/Animation/ControlRig/Content/M_Manip.uasset" 444
"../../../Engine/Plugins/Animation/ControlRig/Content/M_Manip.uexp" 445
"../../../Engine/Plugins/Animation/ControlRig/Content/Controls/DefaultGizmoLibraryNormalized.uasset" 446
"../../../Engine/Plugins/Animation/ControlRig/Content/Controls/DefaultGizmoLibraryNormalized.uexp" 447
"../../../Engine/Plugins/Animation/ControlRig/Content/Controls/ControlRig_Wedge_solid.uasset" 448
"../../../Engine/Plugins/Animation/ControlRig/Content/Controls/ControlRig_Wedge_solid.uexp" 449
"../../../Engine/Plugins/Animation/ControlRig/Content/Controls/ControlRig_Wedge_3mm.uasset" 450
"../../../Engine/Plugins/Animation/ControlRig/Content/Controls/ControlRig_Wedge_3mm.uexp" 451
"../../../Engine/Plugins/Animation/ControlRig/Content/Controls/ControlRig_Wedge_1mm.uasset" 452
"../../../Engine/Plugins/Animation/ControlRig/Content/Controls/ControlRig_Wedge_1mm.uexp" 453
"../../../Engine/Plugins/Animation/ControlRig/Content/Controls/ControlRig_Triangle_solid.uasset" 454
"../../../Engine/Plugins/Animation/ControlRig/Content/Controls/ControlRig_Triangle_solid.uexp" 455
"../../../Engine/Plugins/Animation/ControlRig/Content/Controls/ControlRig_Triangle_3mm.uasset" 456
"../../../Engine/Plugins/Animation/ControlRig/Content/Controls/ControlRig_Triangle_3mm.uexp" 457
"../../../Engine/Plugins/Animation/ControlRig/Content/Controls/ControlRig_Triangle_1mm.uasset" 458
"../../../Engine/Plugins/Animation/ControlRig/Content/Controls/ControlRig_Triangle_1mm.uexp" 459
"../../../Engine/Plugins/Animation/ControlRig/Content/Controls/ControlRig_Star4_solid.uasset" 460
"../../../Engine/Plugins/Animation/ControlRig/Content/Controls/ControlRig_Star4_solid.uexp" 461
"../../../Engine/Plugins/Animation/ControlRig/Content/Controls/ControlRig_Star4_3mm.uasset" 462
"../../../Engine/Plugins/Animation/ControlRig/Content/Controls/ControlRig_Star4_3mm.uexp" 463
"../../../Engine/Plugins/Animation/ControlRig/Content/Controls/ControlRig_Star4_1mm.uasset" 464
"../../../Engine/Plugins/Animation/ControlRig/Content/Controls/ControlRig_Star4_1mm.uexp" 465
"../../../Engine/Plugins/Animation/ControlRig/Content/Controls/ControlRig_Square_solid.uasset" 466
"../../../Engine/Plugins/Animation/ControlRig/Content/Controls/ControlRig_Square_solid.uexp" 467
"../../../Engine/Plugins/Animation/ControlRig/Content/Controls/ControlRig_Square_3mm.uasset" 468
"../../../Engine/Plugins/Animation/ControlRig/Content/Controls/ControlRig_Square_3mm.uexp" 469
"../../../Engine/Plugins/Animation/ControlRig/Content/Controls/ControlRig_Square_1mm.uasset" 470
"../../../Engine/Plugins/Animation/ControlRig/Content/Controls/ControlRig_Square_1mm.uexp" 471
"../../../Engine/Plugins/Animation/ControlRig/Content/Controls/ControlRig_Sphere_solid.uasset" 472
"../../../Engine/Plugins/Animation/ControlRig/Content/Controls/ControlRig_Sphere_solid.uexp" 473
"../../../Engine/Plugins/Animation/ControlRig/Content/Controls/ControlRig_Sphere_3mm.uasset" 474
"../../../Engine/Plugins/Animation/ControlRig/Content/Controls/ControlRig_Sphere_3mm.uexp" 475
"../../../Engine/Plugins/Animation/ControlRig/Content/Controls/ControlRig_Sphere_1mm.uasset" 476
"../../../Engine/Plugins/Animation/ControlRig/Content/Controls/ControlRig_Sphere_1mm.uexp" 477
"../../../Engine/Plugins/Animation/ControlRig/Content/Controls/ControlRig_RoundedTriangle_solid.uasset" 478
"../../../Engine/Plugins/Animation/ControlRig/Content/Controls/ControlRig_RoundedTriangle_solid.uexp" 479
"../../../Engine/Plugins/Animation/ControlRig/Content/Controls/ControlRig_RoundedTriangle_3mm.uasset" 480
"../../../Engine/Plugins/Animation/ControlRig/Content/Controls/ControlRig_RoundedTriangle_3mm.uexp" 481
"../../../Engine/Plugins/Animation/ControlRig/Content/Controls/ControlRig_RoundedTriangle_1mm.uasset" 482
"../../../Engine/Plugins/Animation/ControlRig/Content/Controls/ControlRig_RoundedTriangle_1mm.uexp" 483
"../../../Engine/Plugins/Animation/ControlRig/Content/Controls/ControlRig_RoundedSquare_solid.uasset" 484
"../../../Engine/Plugins/Animation/ControlRig/Content/Controls/ControlRig_RoundedSquare_solid.uexp" 485
"../../../Engine/Plugins/Animation/ControlRig/Content/Controls/ControlRig_RoundedSquare_3mm.uasset" 486
"../../../Engine/Plugins/Animation/ControlRig/Content/Controls/ControlRig_RoundedSquare_3mm.uexp" 487
"../../../Engine/Plugins/Animation/ControlRig/Content/Controls/ControlRig_RoundedSquare_1mm.uasset" 488
"../../../Engine/Plugins/Animation/ControlRig/Content/Controls/ControlRig_RoundedSquare_1mm.uexp" 489
"../../../Engine/Plugins/Animation/ControlRig/Content/Controls/ControlRig_QuarterCircle_solid.uasset" 490
"../../../Engine/Plugins/Animation/ControlRig/Content/Controls/ControlRig_QuarterCircle_solid.uexp" 491
"../../../Engine/Plugins/Animation/ControlRig/Content/Controls/ControlRig_QuarterCircle_3mm.uasset" 492
"../../../Engine/Plugins/Animation/ControlRig/Content/Controls/ControlRig_QuarterCircle_3mm.uexp" 493
"../../../Engine/Plugins/Animation/ControlRig/Content/Controls/ControlRig_QuarterCircle_1mm.uasset" 494
"../../../Engine/Plugins/Animation/ControlRig/Content/Controls/ControlRig_QuarterCircle_1mm.uexp" 495
"../../../Engine/Plugins/Animation/ControlRig/Content/Controls/ControlRig_Pyramid_solid.uasset" 496
"../../../Engine/Plugins/Animation/ControlRig/Content/Controls/ControlRig_Pyramid_solid.uexp" 497
"../../../Engine/Plugins/Animation/ControlRig/Content/Controls/ControlRig_Pyramid_3mm.uasset" 498
"../../../Engine/Plugins/Animation/ControlRig/Content/Controls/ControlRig_Pyramid_3mm.uexp" 499
"../../../Engine/Plugins/Animation/ControlRig/Content/Controls/ControlRig_Pyramid_1mm.uasset" 500
"../../../Engine/Plugins/Animation/ControlRig/Content/Controls/ControlRig_Pyramid_1mm.uexp" 501
"../../../Engine/Plugins/Animation/ControlRig/Content/Controls/ControlRig_Octagon_solid.uasset" 502
"../../../Engine/Plugins/Animation/ControlRig/Content/Controls/ControlRig_Octagon_solid.uexp" 503
"../../../Engine/Plugins/Animation/ControlRig/Content/Controls/ControlRig_Octagon_3mm.uasset" 504
"../../../Engine/Plugins/Animation/ControlRig/Content/Controls/ControlRig_Octagon_3mm.uexp" 505
"../../../Engine/Plugins/Animation/ControlRig/Content/Controls/ControlRig_Octagon_1mm.uasset" 506
"../../../Engine/Plugins/Animation/ControlRig/Content/Controls/ControlRig_Octagon_1mm.uexp" 507
"../../../Engine/Plugins/Animation/ControlRig/Content/Controls/ControlRig_Hexagon_solid.uasset" 508
"../../../Engine/Plugins/Animation/ControlRig/Content/Controls/ControlRig_Hexagon_solid.uexp" 509
"../../../Engine/Plugins/Animation/ControlRig/Content/Controls/ControlRig_Hexagon_3mm.uasset" 510
"../../../Engine/Plugins/Animation/ControlRig/Content/Controls/ControlRig_Hexagon_3mm.uexp" 511
"../../../Engine/Plugins/Animation/ControlRig/Content/Controls/ControlRig_Hexagon_1mm.uasset" 512
"../../../Engine/Plugins/Animation/ControlRig/Content/Controls/ControlRig_Hexagon_1mm.uexp" 513
"../../../Engine/Plugins/Animation/ControlRig/Content/Controls/ControlRig_HalfCircle_solid.uasset" 514
"../../../Engine/Plugins/Animation/ControlRig/Content/Controls/ControlRig_HalfCircle_solid.uexp" 515
"../../../Engine/Plugins/Animation/ControlRig/Content/Controls/ControlRig_HalfCircle_3mm.uasset" 516
"../../../Engine/Plugins/Animation/ControlRig/Content/Controls/ControlRig_HalfCircle_3mm.uexp" 517
"../../../Engine/Plugins/Animation/ControlRig/Content/Controls/ControlRig_HalfCircle_1mm.uasset" 518
"../../../Engine/Plugins/Animation/ControlRig/Content/Controls/ControlRig_HalfCircle_1mm.uexp" 519
"../../../Engine/Plugins/Animation/ControlRig/Content/Controls/ControlRig_Diamond_solid.uasset" 520
"../../../Engine/Plugins/Animation/ControlRig/Content/Controls/ControlRig_Diamond_solid.uexp" 521
"../../../Engine/Plugins/Animation/ControlRig/Content/Controls/ControlRig_Diamond_3mm.uasset" 522
"../../../Engine/Plugins/Animation/ControlRig/Content/Controls/ControlRig_Diamond_3mm.uexp" 523
"../../../Engine/Plugins/Animation/ControlRig/Content/Controls/ControlRig_Diamond_1mm.uasset" 524
"../../../Engine/Plugins/Animation/ControlRig/Content/Controls/ControlRig_Diamond_1mm.uexp" 525
"../../../Engine/Plugins/Animation/ControlRig/Content/Controls/ControlRig_Circle_solid.uasset" 526
"../../../Engine/Plugins/Animation/ControlRig/Content/Controls/ControlRig_Circle_solid.uexp" 527
"../../../Engine/Plugins/Animation/ControlRig/Content/Controls/ControlRig_Circle_3mm.uasset" 528
"../../../Engine/Plugins/Animation/ControlRig/Content/Controls/ControlRig_Circle_3mm.uexp" 529
"../../../Engine/Plugins/Animation/ControlRig/Content/Controls/ControlRig_Circle_1mm.uasset" 530
"../../../Engine/Plugins/Animation/ControlRig/Content/Controls/ControlRig_Circle_1mm.uexp" 531
"../../../Engine/Plugins/Animation/ControlRig/Content/Controls/ControlRig_Box_solid.uasset" 532
"../../../Engine/Plugins/Animation/ControlRig/Content/Controls/ControlRig_Box_solid.uexp" 533
"../../../Engine/Plugins/Animation/ControlRig/Content/Controls/ControlRig_Box_3mm.uasset" 534
"../../../Engine/Plugins/Animation/ControlRig/Content/Controls/ControlRig_Box_3mm.uexp" 535
"../../../Engine/Plugins/Animation/ControlRig/Content/Controls/ControlRig_Box_1mm.uasset" 536
"../../../Engine/Plugins/Animation/ControlRig/Content/Controls/ControlRig_Box_1mm.uexp" 537
"../../../Engine/Plugins/Animation/ControlRig/Content/Controls/ControlRig_Arrow_solid.uasset" 538
"../../../Engine/Plugins/Animation/ControlRig/Content/Controls/ControlRig_Arrow_solid.uexp" 539
"../../../Engine/Plugins/Animation/ControlRig/Content/Controls/ControlRig_Arrow_3mm.uasset" 540
"../../../Engine/Plugins/Animation/ControlRig/Content/Controls/ControlRig_Arrow_3mm.uexp" 541
"../../../Engine/Plugins/Animation/ControlRig/Content/Controls/ControlRig_Arrow_1mm.uasset" 542
"../../../Engine/Plugins/Animation/ControlRig/Content/Controls/ControlRig_Arrow_1mm.uexp" 543
"../../../Engine/Plugins/Animation/ControlRig/Content/Controls/ControlRig_Arrow4_solid.uasset" 544
"../../../Engine/Plugins/Animation/ControlRig/Content/Controls/ControlRig_Arrow4_solid.uexp" 545
"../../../Engine/Plugins/Animation/ControlRig/Content/Controls/ControlRig_Arrow4_3mm.uasset" 546
"../../../Engine/Plugins/Animation/ControlRig/Content/Controls/ControlRig_Arrow4_3mm.uexp" 547
"../../../Engine/Plugins/Animation/ControlRig/Content/Controls/ControlRig_Arrow4_1mm.uasset" 548
"../../../Engine/Plugins/Animation/ControlRig/Content/Controls/ControlRig_Arrow4_1mm.uexp" 549
"../../../Engine/Plugins/Animation/ControlRig/Content/Controls/ControlRig_Arrow2_solid.uasset" 550
"../../../Engine/Plugins/Animation/ControlRig/Content/Controls/ControlRig_Arrow2_solid.uexp" 551
"../../../Engine/Plugins/Animation/ControlRig/Content/Controls/ControlRig_Arrow2_3mm.uasset" 552
"../../../Engine/Plugins/Animation/ControlRig/Content/Controls/ControlRig_Arrow2_3mm.uexp" 553
"../../../Engine/Plugins/Animation/ControlRig/Content/Controls/ControlRig_Arrow2_1mm.uasset" 554
"../../../Engine/Plugins/Animation/ControlRig/Content/Controls/ControlRig_Arrow2_1mm.uexp" 555
"../../../Engine/Plugins/Animation/ControlRig/Content/Controls/ControlRigXRayMaterial.uasset" 556
"../../../Engine/Plugins/Animation/ControlRig/Content/Controls/ControlRigXRayMaterial.uexp" 557
"../../../Engine/Plugins/Animation/ControlRig/Content/Controls/ControlRigGizmoMaterial.uasset" 558
"../../../Engine/Plugins/Animation/ControlRig/Content/Controls/ControlRigGizmoMaterial.uexp" 559
"../../../Engine/Plugins/Editor/SpeedTreeImporter/Content/SpeedTree9/game_wind_noise.ubulk" 560
"../../../Engine/Plugins/Editor/SpeedTreeImporter/Content/SpeedTree9/game_wind_noise.uasset" 561
"../../../Engine/Plugins/Editor/SpeedTreeImporter/Content/SpeedTree9/game_wind_noise.uexp" 562
"../../../Engine/Plugins/Editor/SpeedTreeImporter/Content/SpeedTree9/UnpackDirection.uasset" 563
"../../../Engine/Plugins/Editor/SpeedTreeImporter/Content/SpeedTree9/UnpackDirection.uexp" 564
"../../../Engine/Content/Functions/Engine_MaterialFunctions02/ObjectLocalBounds.uasset" 565
"../../../Engine/Content/Functions/Engine_MaterialFunctions02/ObjectLocalBounds.uexp" 566
"../../../Engine/Content/Functions/Engine_MaterialFunctions02/UVs/BoundingBoxBased_0-1_UVW.uasset" 567
"../../../Engine/Content/Functions/Engine_MaterialFunctions02/UVs/BoundingBoxBased_0-1_UVW.uexp" 568
"../../../Engine/Content/Functions/Engine_MaterialFunctions02/Utility/VectorLength.uasset" 569
"../../../Engine/Content/Functions/Engine_MaterialFunctions02/Utility/VectorLength.uexp" 570
"../../../Engine/Plugins/Editor/SpeedTreeImporter/Content/SpeedTree9/UnpackInteger3.uasset" 571
"../../../Engine/Plugins/Editor/SpeedTreeImporter/Content/SpeedTree9/UnpackInteger3.uexp" 572
"../../../Engine/Plugins/Editor/SpeedTreeImporter/Content/SpeedTree9/SpeedTreeCameraFacing.uasset" 573
"../../../Engine/Plugins/Editor/SpeedTreeImporter/Content/SpeedTree9/SpeedTreeCameraFacing.uexp" 574
"../../../Engine/Content/Functions/Engine_MaterialFunctions02/WorldPositionOffset/ObjectScale.uasset" 575
"../../../Engine/Content/Functions/Engine_MaterialFunctions02/WorldPositionOffset/ObjectScale.uexp" 576
"../../../Engine/Content/Functions/Engine_MaterialFunctions02/SafeNormalize.uasset" 577
"../../../Engine/Content/Functions/Engine_MaterialFunctions02/SafeNormalize.uexp" 578
"../../../Engine/Plugins/Editor/SpeedTreeImporter/Content/SpeedTree9/SpeedTreeWindMotion.uasset" 579
"../../../Engine/Plugins/Editor/SpeedTreeImporter/Content/SpeedTree9/SpeedTreeWindMotion.uexp" 580
"../../../Engine/Plugins/Editor/SpeedTreeImporter/Content/SpeedTree9/SpeedTreeBranchMotion.uasset" 581
"../../../Engine/Plugins/Editor/SpeedTreeImporter/Content/SpeedTree9/SpeedTreeBranchMotion.uexp" 582
"../../../Engine/Plugins/Editor/SpeedTreeImporter/Content/SpeedTree9/SpeedTreeWind.uasset" 583
"../../../Engine/Plugins/Editor/SpeedTreeImporter/Content/SpeedTree9/SpeedTreeWind.uexp" 584
"../../../Engine/Plugins/Editor/SpeedTreeImporter/Content/SpeedTree9/EmptyNormal.uasset" 585
"../../../Engine/Plugins/Editor/SpeedTreeImporter/Content/SpeedTree9/EmptyNormal.uexp" 586
"../../../Engine/Plugins/Editor/SpeedTreeImporter/Content/SpeedTree9/Empty.uasset" 587
"../../../Engine/Plugins/Editor/SpeedTreeImporter/Content/SpeedTree9/Empty.uexp" 588
"../../../Engine/Plugins/Editor/SpeedTreeImporter/Content/SpeedTree9/SpeedTreeMaster.uasset" 589
"../../../Engine/Plugins/Editor/SpeedTreeImporter/Content/SpeedTree9/SpeedTreeMaster.uexp" 590
"../../../Engine/Plugins/Editor/SpeedTreeImporter/Content/SpeedTree9/SpeedTreeBillboard.uasset" 591
"../../../Engine/Plugins/Editor/SpeedTreeImporter/Content/SpeedTree9/SpeedTreeBillboard.uexp" 592
"../../../Engine/Plugins/Editor/SpeedTreeImporter/Content/SpeedTree9/SpeedTreeBillboardMaster.uasset" 593
"../../../Engine/Plugins/Editor/SpeedTreeImporter/Content/SpeedTree9/SpeedTreeBillboardMaster.uexp" 594
"../../../Engine/Plugins/Interchange/Runtime/Content/Materials/LambertSurfaceMaterial.uasset" 595
"../../../Engine/Plugins/Interchange/Runtime/Content/Materials/LambertSurfaceMaterial.uexp" 596
"../../../Engine/Content/Functions/Engine_MaterialFunctions02/Texturing/CustomRotator.uasset" 597
"../../../Engine/Content/Functions/Engine_MaterialFunctions02/Texturing/CustomRotator.uexp" 598
"../../../Engine/Content/Functions/Engine_MaterialFunctions02/Texturing/ScreenAlignedPixelToPixelUVs.uasset" 599
"../../../Engine/Content/Functions/Engine_MaterialFunctions02/Texturing/ScreenAlignedPixelToPixelUVs.uexp" 600
"../../../Engine/Plugins/Interchange/Runtime/Content/Utilities/T_Bayer64_Grayscale_64px.uasset" 601
"../../../Engine/Plugins/Interchange/Runtime/Content/Utilities/T_Bayer64_Grayscale_64px.uexp" 602
"../../../Engine/Plugins/Interchange/Runtime/Content/gltf/MaterialFunctions/MF_Temporal_Blur.uasset" 603
"../../../Engine/Plugins/Interchange/Runtime/Content/gltf/MaterialFunctions/MF_Temporal_Blur.uexp" 604
"../../../Engine/Plugins/Interchange/Runtime/Content/gltf/MaterialFunctions/MF_Fresnel_DS.uasset" 605
"../../../Engine/Plugins/Interchange/Runtime/Content/gltf/MaterialFunctions/MF_Fresnel_DS.uexp" 606
"../../../Engine/Plugins/Interchange/Runtime/Content/Functions/MX_Transmission.uasset" 607
"../../../Engine/Plugins/Interchange/Runtime/Content/Functions/MX_Transmission.uexp" 608
"../../../Engine/Plugins/Interchange/Runtime/Content/Functions/MX_StandardSurface.uasset" 609
"../../../Engine/Plugins/Interchange/Runtime/Content/Functions/MX_StandardSurface.uexp" 610
"../../../Engine/Plugins/Interchange/Runtime/Content/Functions/MX_TransmissionSurface.uasset" 611
"../../../Engine/Plugins/Interchange/Runtime/Content/Functions/MX_TransmissionSurface.uexp" 612
"../../../Engine/Content/Functions/Engine_MaterialFunctions02/WorldPositionOffset/V2/ObjectScale.uasset" 613
"../../../Engine/Content/Functions/Engine_MaterialFunctions02/WorldPositionOffset/V2/ObjectScale.uexp" 614
"../../../Engine/Plugins/Interchange/Runtime/Content/gltf/MaterialFunctions/MF_TransmissionOpacity.uasset" 615
"../../../Engine/Plugins/Interchange/Runtime/Content/gltf/MaterialFunctions/MF_TransmissionOpacity.uexp" 616
"../../../Engine/Plugins/Interchange/Runtime/Content/gltf/MaterialFunctions/MF_Transmission.uasset" 617
"../../../Engine/Plugins/Interchange/Runtime/Content/gltf/MaterialFunctions/MF_Transmission.uexp" 618
"../../../Engine/Plugins/Interchange/Runtime/Content/gltf/M_Transmission.uasset" 619
"../../../Engine/Plugins/Interchange/Runtime/Content/gltf/M_Transmission.uexp" 620
"../../../Engine/Plugins/Interchange/Runtime/Content/gltf/MaterialInstances_MR/MI_Transmission_TS.uasset" 621
"../../../Engine/Plugins/Interchange/Runtime/Content/gltf/MaterialInstances_MR/MI_Transmission_TS.uexp" 622
"../../../Engine/Plugins/Interchange/Runtime/Content/gltf/MaterialInstances_MR/MI_Transmission.uasset" 623
"../../../Engine/Plugins/Interchange/Runtime/Content/gltf/MaterialInstances_MR/MI_Transmission.uexp" 624
"../../../Engine/Plugins/Interchange/Runtime/Content/gltf/M_Translucent.uasset" 625
"../../../Engine/Plugins/Interchange/Runtime/Content/gltf/M_Translucent.uexp" 626
"../../../Engine/Plugins/Interchange/Runtime/Content/gltf/MaterialInstances_MR/MI_Translucent_TS.uasset" 627
"../../../Engine/Plugins/Interchange/Runtime/Content/gltf/MaterialInstances_MR/MI_Translucent_TS.uexp" 628
"../../../Engine/Plugins/Interchange/Runtime/Content/gltf/MaterialInstances_MR/MI_Translucent_ClearCoat_TS.uasset" 629
"../../../Engine/Plugins/Interchange/Runtime/Content/gltf/MaterialInstances_MR/MI_Translucent_ClearCoat_TS.uexp" 630
"../../../Engine/Plugins/Interchange/Runtime/Content/gltf/MaterialInstances_MR/MI_Translucent_ClearCoat.uasset" 631
"../../../Engine/Plugins/Interchange/Runtime/Content/gltf/MaterialInstances_MR/MI_Translucent_ClearCoat.uexp" 632
"../../../Engine/Plugins/Interchange/Runtime/Content/gltf/MaterialInstances_MR/MI_Translucent.uasset" 633
"../../../Engine/Plugins/Interchange/Runtime/Content/gltf/MaterialInstances_MR/MI_Translucent.uexp" 634
"../../../Engine/Plugins/Interchange/Runtime/Content/gltf/M_Unlit.uasset" 635
"../../../Engine/Plugins/Interchange/Runtime/Content/gltf/M_Unlit.uexp" 636
"../../../Engine/Plugins/Interchange/Runtime/Content/gltf/MaterialInstances_MR/MI_Opaque_Unlit_TS.uasset" 637
"../../../Engine/Plugins/Interchange/Runtime/Content/gltf/MaterialInstances_MR/MI_Opaque_Unlit_TS.uexp" 638
"../../../Engine/Plugins/Interchange/Runtime/Content/gltf/MaterialInstances_MR/MI_Opaque_Unlit.uasset" 639
"../../../Engine/Plugins/Interchange/Runtime/Content/gltf/MaterialInstances_MR/MI_Opaque_Unlit.uexp" 640
"../../../Engine/Plugins/Interchange/Runtime/Content/gltf/MaterialInstances_MR/MI_Opaque_TS.uasset" 641
"../../../Engine/Plugins/Interchange/Runtime/Content/gltf/MaterialInstances_MR/MI_Opaque_TS.uexp" 642
"../../../Engine/Plugins/Interchange/Runtime/Content/gltf/MaterialInstances_MR/MI_Opaque_Sheen_TS.uasset" 643
"../../../Engine/Plugins/Interchange/Runtime/Content/gltf/MaterialInstances_MR/MI_Opaque_Sheen_TS.uexp" 644
"../../../Engine/Plugins/Interchange/Runtime/Content/gltf/MaterialInstances_MR/MI_Opaque_Sheen.uasset" 645
"../../../Engine/Plugins/Interchange/Runtime/Content/gltf/MaterialInstances_MR/MI_Opaque_Sheen.uexp" 646
"../../../Engine/Plugins/Interchange/Runtime/Content/gltf/MaterialInstances_MR/MI_Opaque_ClearCoat_TS.uasset" 647
"../../../Engine/Plugins/Interchange/Runtime/Content/gltf/MaterialInstances_MR/MI_Opaque_ClearCoat_TS.uexp" 648
"../../../Engine/Plugins/Interchange/Runtime/Content/gltf/MaterialInstances_MR/MI_Opaque_ClearCoat.uasset" 649
"../../../Engine/Plugins/Interchange/Runtime/Content/gltf/MaterialInstances_MR/MI_Opaque_ClearCoat.uexp" 650
"../../../Engine/Plugins/Interchange/Runtime/Content/gltf/MaterialInstances_MR/MI_Opaque.uasset" 651
"../../../Engine/Plugins/Interchange/Runtime/Content/gltf/MaterialInstances_MR/MI_Opaque.uexp" 652
"../../../Engine/Plugins/Interchange/Runtime/Content/gltf/MaterialInstances_SG/MI_Transmission_TS.uasset" 653
"../../../Engine/Plugins/Interchange/Runtime/Content/gltf/MaterialInstances_SG/MI_Transmission_TS.uexp" 654
"../../../Engine/Plugins/Interchange/Runtime/Content/gltf/MaterialInstances_SG/MI_Transmission.uasset" 655
"../../../Engine/Plugins/Interchange/Runtime/Content/gltf/MaterialInstances_SG/MI_Transmission.uexp" 656
"../../../Engine/Plugins/Interchange/Runtime/Content/gltf/MaterialInstances_SG/MI_Translucent_TS.uasset" 657
"../../../Engine/Plugins/Interchange/Runtime/Content/gltf/MaterialInstances_SG/MI_Translucent_TS.uexp" 658
"../../../Engine/Plugins/Interchange/Runtime/Content/gltf/MaterialInstances_SG/MI_Translucent_ClearCoat_TS.uasset" 659
"../../../Engine/Plugins/Interchange/Runtime/Content/gltf/MaterialInstances_SG/MI_Translucent_ClearCoat_TS.uexp" 660
"../../../Engine/Plugins/Interchange/Runtime/Content/gltf/MaterialInstances_SG/MI_Translucent_ClearCoat.uasset" 661
"../../../Engine/Plugins/Interchange/Runtime/Content/gltf/MaterialInstances_SG/MI_Translucent_ClearCoat.uexp" 662
"../../../Engine/Plugins/Interchange/Runtime/Content/gltf/MaterialInstances_SG/MI_Translucent.uasset" 663
"../../../Engine/Plugins/Interchange/Runtime/Content/gltf/MaterialInstances_SG/MI_Translucent.uexp" 664
"../../../Engine/Plugins/Interchange/Runtime/Content/gltf/MaterialInstances_SG/MI_Opaque_TS.uasset" 665
"../../../Engine/Plugins/Interchange/Runtime/Content/gltf/MaterialInstances_SG/MI_Opaque_TS.uexp" 666
"D:/UEPROJECTS/AroundMe/Content/StarterContent/Textures/T_MacroVariation.uasset" 667
"D:/UEPROJECTS/AroundMe/Content/StarterContent/Textures/T_MacroVariation.uexp" 668
"D:/UEPROJECTS/AroundMe/Content/StarterContent/Materials/M_Metal_Brushed_Nickel.uasset" 669
"D:/UEPROJECTS/AroundMe/Content/StarterContent/Materials/M_Metal_Brushed_Nickel.uexp" 670
"D:/UEPROJECTS/AroundMe/Content/StarterContent/TestWidget.uasset" 671
"D:/UEPROJECTS/AroundMe/Content/StarterContent/TestWidget.uexp" 672
"D:/UEPROJECTS/AroundMe/Content/StarterContent/Textures/T_Chair_N.ubulk" 673
"D:/UEPROJECTS/AroundMe/Content/StarterContent/Textures/T_Chair_N.uasset" 674
"D:/UEPROJECTS/AroundMe/Content/StarterContent/Textures/T_Chair_N.uexp" 675
"D:/UEPROJECTS/AroundMe/Content/StarterContent/Textures/T_Chair_M.ubulk" 676
"D:/UEPROJECTS/AroundMe/Content/StarterContent/Textures/T_Chair_M.uasset" 677
"D:/UEPROJECTS/AroundMe/Content/StarterContent/Textures/T_Chair_M.uexp" 678
"D:/UEPROJECTS/AroundMe/Content/StarterContent/Props/Materials/M_Chair.uasset" 679
"D:/UEPROJECTS/AroundMe/Content/StarterContent/Props/Materials/M_Chair.uexp" 680
"D:/UEPROJECTS/AroundMe/Content/StarterContent/Maps/Minimal_Default_BuiltData.ubulk" 681
"D:/UEPROJECTS/AroundMe/Content/StarterContent/Maps/Minimal_Default_BuiltData.uasset" 682
"D:/UEPROJECTS/AroundMe/Content/StarterContent/Maps/Minimal_Default_BuiltData.uexp" 683
"D:/UEPROJECTS/AroundMe/Content/StarterContent/Materials/M_Basic_Floor.uasset" 684
"D:/UEPROJECTS/AroundMe/Content/StarterContent/Materials/M_Basic_Floor.uexp" 685
"D:/UEPROJECTS/AroundMe/Content/StarterContent/Architecture/Floor_400x400.uasset" 686
"D:/UEPROJECTS/AroundMe/Content/StarterContent/Architecture/Floor_400x400.uexp" 687
"D:/UEPROJECTS/AroundMe/Content/StarterContent/Textures/T_Metal_Gold_N.ubulk" 688
"D:/UEPROJECTS/AroundMe/Content/StarterContent/Textures/T_Metal_Gold_N.uasset" 689
"D:/UEPROJECTS/AroundMe/Content/StarterContent/Textures/T_Metal_Gold_N.uexp" 690
"D:/UEPROJECTS/AroundMe/Content/StarterContent/Textures/T_Metal_Copper_D.ubulk" 691
"D:/UEPROJECTS/AroundMe/Content/StarterContent/Textures/T_Metal_Copper_D.uasset" 692
"D:/UEPROJECTS/AroundMe/Content/StarterContent/Textures/T_Metal_Copper_D.uexp" 693
"D:/UEPROJECTS/AroundMe/Content/StarterContent/Materials/M_Metal_Copper.uasset" 694
"D:/UEPROJECTS/AroundMe/Content/StarterContent/Materials/M_Metal_Copper.uexp" 695
"D:/UEPROJECTS/AroundMe/Content/StarterContent/Textures/T_TableRound_N.ubulk" 696
"D:/UEPROJECTS/AroundMe/Content/StarterContent/Textures/T_TableRound_N.uasset" 697
"D:/UEPROJECTS/AroundMe/Content/StarterContent/Textures/T_TableRound_N.uexp" 698
"D:/UEPROJECTS/AroundMe/Content/StarterContent/Textures/T_TableRound_M.ubulk" 699
"D:/UEPROJECTS/AroundMe/Content/StarterContent/Textures/T_TableRound_M.uasset" 700
"D:/UEPROJECTS/AroundMe/Content/StarterContent/Textures/T_TableRound_M.uexp" 701
"D:/UEPROJECTS/AroundMe/Content/StarterContent/Props/Materials/M_TableRound.uasset" 702
"D:/UEPROJECTS/AroundMe/Content/StarterContent/Props/Materials/M_TableRound.uexp" 703
"D:/UEPROJECTS/AroundMe/Content/StarterContent/Props/SM_TableRound.uasset" 704
"D:/UEPROJECTS/AroundMe/Content/StarterContent/Props/SM_TableRound.uexp" 705
"D:/UEPROJECTS/AroundMe/Content/StarterContent/Textures/T_Statue_M.ubulk" 706
"D:/UEPROJECTS/AroundMe/Content/StarterContent/Textures/T_Statue_M.uasset" 707
"D:/UEPROJECTS/AroundMe/Content/StarterContent/Textures/T_Statue_M.uexp" 708
"D:/UEPROJECTS/AroundMe/Content/StarterContent/Textures/T_Statue_N.ubulk" 709
"D:/UEPROJECTS/AroundMe/Content/StarterContent/Textures/T_Statue_N.uasset" 710
"D:/UEPROJECTS/AroundMe/Content/StarterContent/Textures/T_Statue_N.uexp" 711
"D:/UEPROJECTS/AroundMe/Content/StarterContent/Props/Materials/M_Statue.uasset" 712
"D:/UEPROJECTS/AroundMe/Content/StarterContent/Props/Materials/M_Statue.uexp" 713
"D:/UEPROJECTS/AroundMe/Content/StarterContent/Props/Materials/M_StatueGlass.uasset" 714
"D:/UEPROJECTS/AroundMe/Content/StarterContent/Props/Materials/M_StatueGlass.uexp" 715
"D:/UEPROJECTS/AroundMe/Content/StarterContent/Props/SM_Statue.uasset" 716
"D:/UEPROJECTS/AroundMe/Content/StarterContent/Props/SM_Statue.uexp" 717
"D:/UEPROJECTS/AroundMe/Content/StarterContent/Audio/Starter_Background_Cue.uasset" 718
"D:/UEPROJECTS/AroundMe/Content/StarterContent/Audio/Starter_Background_Cue.uexp" 719
"D:/UEPROJECTS/AroundMe/Content/StarterContent/Textures/T_Metal_Aluminum_D.ubulk" 720
"D:/UEPROJECTS/AroundMe/Content/StarterContent/Textures/T_Metal_Aluminum_D.uasset" 721
"D:/UEPROJECTS/AroundMe/Content/StarterContent/Textures/T_Metal_Aluminum_D.uexp" 722
"D:/UEPROJECTS/AroundMe/Content/StarterContent/Materials/M_Metal_Burnished_Steel.uasset" 723
"D:/UEPROJECTS/AroundMe/Content/StarterContent/Materials/M_Metal_Burnished_Steel.uexp" 724
"D:/UEPROJECTS/AroundMe/Content/StarterContent/Props/SM_Chair.uasset" 725
"D:/UEPROJECTS/AroundMe/Content/StarterContent/Props/SM_Chair.uexp" 726
"D:/UEPROJECTS/AroundMe/Content/StarterContent/Maps/Minimal_Default.uexp" 727
"D:/UEPROJECTS/AroundMe/Content/StarterContent/Maps/Minimal_Default.umap" 728
"../../../Engine/Content/Maps/Entry_BuiltData.uasset" 729
"../../../Engine/Content/Maps/Entry_BuiltData.uexp" 730
"../../../Engine/Content/Maps/Entry.uexp" 731
"../../../Engine/Content/Maps/Entry.umap" 732
